2016.06.25 - 22:05:54 :
StreamRipStar in version 0.6.9 and revision 613 has been started

2016.06.25 - 22:05:54 :


=== now the old messages from start ====



2016.06.25 - 22:05:54 :
Created new save path in : StreamRipStar

2016.06.25 - 22:05:54 :


=== old messages done! ====



Error: 2016.06.25 - 22:05:54 :
No configuartion file found: Settings-StreamRipStar.xml

Error: 2016.06.25 - 22:05:54 :
No configuartion file found: Prefs-MainWindow.xml

Error: 2016.06.25 - 22:05:54 :
No configuartion file found: Settings-StreamRipStar.xml

Error: 2016.06.25 - 22:06:13 :
AudioPlayer: No gstreamer on System installed
Could not load library: gstreamer

2016.06.25 - 22:06:13 :
Thread: Ask for filling table with Streams

2016.06.25 - 22:06:13 :
Thread: filling table with streams

Error: 2016.06.25 - 22:06:13 :
No configuartion file found: Streams.xml

Error: 2016.06.25 - 22:06:13 :
No configuartion file found: DefaultStream.xml

Error: 2016.06.25 - 22:06:13 :
No configuartion file found: Scheduls.xml

Error: 2016.06.25 - 22:06:17 :
No configuartion file found: Settings-StreamRipStar.xml

2016.06.25 - 22:11:51 :
StreamRipStar in version 0.6.9 and revision 613 has been started

2016.06.25 - 22:11:51 :


=== now the old messages from start ====



2016.06.25 - 22:11:51 :


=== old messages done! ====



2016.06.25 - 22:11:51 :
Loading file Settings-StreamRipStar.xml

2016.06.25 - 22:11:51 :
Loading file Prefs-MainWindow.xml

2016.06.25 - 22:11:51 :
Loading file Settings-StreamRipStar.xml

2016.06.25 - 22:29:25 :
StreamRipStar in version 0.6.9 and revision 613 has been started

2016.06.25 - 22:29:25 :


=== now the old messages from start ====



2016.06.25 - 22:29:25 :


=== old messages done! ====



2016.06.25 - 22:29:25 :
Loading file Settings-StreamRipStar.xml

2016.06.25 - 22:29:26 :
Loading file Prefs-MainWindow.xml

2016.06.25 - 22:29:26 :
Loading file Settings-StreamRipStar.xml

2016.06.25 - 22:52:09 :
StreamRipStar in version 0.6.9 and revision 613 has been started

2016.06.25 - 22:52:09 :


=== now the old messages from start ====



2016.06.25 - 22:52:09 :


=== old messages done! ====



2016.06.25 - 22:52:09 :
Loading file Settings-StreamRipStar.xml

2016.06.25 - 22:52:10 :
Loading file Prefs-MainWindow.xml

2016.06.25 - 22:52:10 :
Loading file Settings-StreamRipStar.xml

2016.06.25 - 22:53:48 :
StreamRipStar in version 0.6.9 and revision 613 has been started

2016.06.25 - 22:53:48 :


=== now the old messages from start ====



2016.06.25 - 22:53:48 :


=== old messages done! ====



2016.06.25 - 22:53:48 :
Loading file Settings-StreamRipStar.xml

2016.06.25 - 22:53:49 :
Loading file Prefs-MainWindow.xml

2016.06.25 - 22:53:49 :
Loading file Settings-StreamRipStar.xml

2016.06.25 - 22:56:25 :
StreamRipStar in version 0.6.9 and revision 613 has been started

2016.06.25 - 22:56:25 :


=== now the old messages from start ====



2016.06.25 - 22:56:25 :


=== old messages done! ====



2016.06.25 - 22:56:25 :
Loading file Settings-StreamRipStar.xml

2016.06.25 - 22:56:26 :
Loading file Prefs-MainWindow.xml

2016.06.25 - 22:56:26 :
Loading file Settings-StreamRipStar.xml

2016.06.25 - 23:03:24 :
StreamRipStar in version 0.6.9 and revision 613 has been started

2016.06.25 - 23:03:24 :


=== now the old messages from start ====



2016.06.25 - 23:03:24 :


=== old messages done! ====



2016.06.25 - 23:03:24 :
Loading file Settings-StreamRipStar.xml

2016.06.25 - 23:03:24 :
Loading file Prefs-MainWindow.xml

2016.06.25 - 23:03:24 :
Loading file Settings-StreamRipStar.xml

2016.06.25 - 23:04:55 :
StreamRipStar in version 0.6.9 and revision 613 has been started

2016.06.25 - 23:04:55 :


=== now the old messages from start ====



2016.06.25 - 23:04:55 :


=== old messages done! ====



2016.06.25 - 23:04:55 :
Loading file Settings-StreamRipStar.xml

2016.06.25 - 23:04:56 :
Loading file Prefs-MainWindow.xml

2016.06.25 - 23:04:56 :
Loading file Settings-StreamRipStar.xml

2016.06.25 - 23:17:02 :
StreamRipStar in version 0.6.9 and revision 613 has been started

2016.06.25 - 23:17:02 :


=== now the old messages from start ====



2016.06.25 - 23:17:02 :


=== old messages done! ====



2016.06.25 - 23:17:02 :
Loading file Settings-StreamRipStar.xml

2016.06.25 - 23:17:03 :
Loading file Prefs-MainWindow.xml

2016.06.25 - 23:17:03 :
Loading file Settings-StreamRipStar.xml

